<?xml version="1.0" encoding="utf-8"?><testsuites name="pytest tests"><testsuite name="pytest" errors="0" failures="0" skipped="0" tests="26" time="3.578" timestamp="2026-07-02T13:17:38.173962+00:00" hostname="agent-env-1fae3936-769f-40d9-a83a-acb31920f204"><testcase classname="tests.test_printalaram_api.TestOrders" name="test_create_order_cod_and_verify" time="0.315" /><testcase classname="tests.test_printalaram_api.TestCatalog" name="test_list_products_count" time="1.749" /><testcase classname="tests.test_printalaram_api.TestOrders" name="test_get_order_404" time="0.106" /><testcase classname="tests.test_printalaram_api.TestOrders" name="test_razorpay_simulated_flow" time="0.201" /><testcase classname="tests.test_printalaram_api.TestOrders" name="test_payments_create_order_missing_fields" time="0.101" /><testcase classname="tests.test_printalaram_api.TestOrders" name="test_payments_create_order_invalid_order" time="0.117" /><testcase classname="tests.test_printalaram_api.TestOrders" name="test_create_order_for_new_products[card-2]" time="0.142" /><testcase classname="tests.test_printalaram_api.TestOrders" name="test_create_order_for_new_products[card-3]" time="0.145" /><testcase classname="tests.test_printalaram_api.TestOrders" name="test_create_order_for_new_products[card-4]" time="0.162" /><testcase classname="tests.test_printalaram_api.TestCustomizations" name="test_create_and_get_customization_with_photo" time="0.219" /><testcase classname="tests.test_printalaram_api.TestCustomizations" name="test_create_customization_without_photo" time="0.098" /><testcase classname="tests.test_printalaram_api.TestCustomizations" name="test_create_customization_minimal_name_only" time="0.150" /><testcase classname="tests.test_printalaram_api.TestCatalog" name="test_new_products_layout_photo_config" time="0.133" /><testcase classname="tests.test_printalaram_api.TestCustomizations" name="test_get_customization_404" time="0.098" /><testcase classname="tests.test_printalaram_api.TestCustomizations" name="test_create_customization_for_new_products[card-2]" time="0.165" /><testcase classname="tests.test_printalaram_api.TestCatalog" name="test_filter_featured" time="0.100" /><testcase classname="tests.test_printalaram_api.TestCatalog" name="test_filter_bestseller" time="0.093" /><testcase classname="tests.test_printalaram_api.TestCustomizations" name="test_create_customization_for_new_products[card-3]" time="0.145" /><testcase classname="tests.test_printalaram_api.TestCatalog" name="test_filter_category" time="0.387" /><testcase classname="tests.test_printalaram_api.TestCustomizations" name="test_create_customization_for_new_products[card-4]" time="0.145" /><testcase classname="tests.test_printalaram_api.TestHealth" name="test_health" time="0.095" /><testcase classname="tests.test_printalaram_api.TestCatalog" name="test_filter_category_wedding_royal" time="0.109" /><testcase classname="tests.test_printalaram_api.TestCatalog" name="test_get_single_product" time="0.100" /><testcase classname="tests.test_printalaram_api.TestCatalog" name="test_get_product_404" time="0.101" /><testcase classname="tests.test_printalaram_api.TestCatalog" name="test_categories" time="0.122" /><testcase classname="tests.test_printalaram_api.TestCatalog" name="test_get_new_products_individually" time="0.183" /></testsuite></testsuites>